<?xml version="1.0" encoding="UTF-8"?>
<!-- Generated by org.testng.reporters.JUnitXMLReporter -->
<testsuite ignored="0" hostname="LAPTOP-EJ3NBRG9" failures="0" tests="6" name="Test1" time="51.01" errors="0" timestamp="2024-05-20T11:38:28 IST">
  <testcase classname="TestNGTravel.MakeMytrip" name="makemytrip" time="9.742"/>
  <testcase classname="TestNGTravel.AbhiAbhi" name="AbhiBus" time="5.061"/>
  <testcase classname="TestNGTravel.RedBus" name="redbus" time="8.519"/>
  <testcase classname="TestNGFashion.AjioShop" name="Demowebshop" time="9.933"/>
  <testcase classname="TestNGFashion.DemoWebShop" name="Demowebshop" time="7.744"/>
  <testcase classname="TestNGFashion.KalkiShop" name="kalkishop" time="9.958"/>
</testsuite> <!-- Test1 -->
