<?xml version="1.0" encoding="UTF-8"?>
<!-- Generated by org.testng.reporters.JUnitXMLReporter -->
<testsuite ignored="0" hostname="LAPTOP-EJ3NBRG9" failures="0" tests="6" name="Test2" time="53.493" errors="0" timestamp="2024-05-20T11:39:22 IST">
  <testcase classname="TestNGTravel.MakeMytrip" name="makemytrip" time="6.074"/>
  <testcase classname="TestNGTravel.AbhiAbhi" name="AbhiBus" time="5.31"/>
  <testcase classname="TestNGTravel.RedBus" name="redbus" time="8.71"/>
  <testcase classname="TestNGFashion.AjioShop" name="Demowebshop" time="11.074"/>
  <testcase classname="TestNGFashion.DemoWebShop" name="Demowebshop" time="7.727"/>
  <testcase classname="TestNGFashion.KalkiShop" name="kalkishop" time="14.581"/>
</testsuite> <!-- Test2 -->
